<?xml version="1.0" encoding="UTF-8"?>
<!-- Generated by org.testng.reporters.JUnitXMLReporter -->
<testsuite hostname="HVDIVD15CAF2124" ignored="0" name="Test" tests="1" failures="0" timestamp="31 Oct 2019 13:09:49 GMT" time="7.649" errors="0">
  <testcase name="@AfterMethod afterMethod" time="0.0" classname="com.test.SampleTestngClass">
    <failure type="java.lang.NullPointerException">
      <![CDATA[java.lang.NullPointerException
at commonUtilities.DriverPage.CloseBrowser(DriverPage.java:37)
at com.test.SampleTestngClass.afterMethod(SampleTestngClass.java:75)
... Removed 28 stack frames]]>
    </failure>
  </testcase> <!-- @AfterMethod afterMethod -->
  <testcase name="@AfterClass AfterClass" time="0.0" classname="com.test.SampleTestngClass">
    <skipped/>
  </testcase> <!-- @AfterClass AfterClass -->
  <testcase name="demoTest1" time="2.897" classname="com.test.SampleTestngClass"/>
</testsuite> <!-- Test -->
