<?xml version="1.0" encoding="UTF-8"?>
<testng-results skipped="0" failed="1" ignored="0" total="1" passed="0">
  <reporter-output>
  </reporter-output>
  <suite name="Default suite" duration-ms="79268" started-at="2020-04-18T20:17:24Z" finished-at="2020-04-18T20:18:43Z">
    <groups>
    </groups>
    <test name="Default test" duration-ms="79268" started-at="2020-04-18T20:17:24Z" finished-at="2020-04-18T20:18:43Z">
      <class name="com.test.SampleTestngClass">
        <test-method status="PASS" signature="BeforeClass(java.lang.String)[pri:0, instance:com.test.SampleTestngClass@4b952a2d]" name="BeforeClass" is-config="true" duration-ms="720" started-at="2020-04-19T01:47:24Z" finished-at="2020-04-19T01:47:25Z">
          <params>
            <param index="0">
              <value>
                <![CDATA[chrome]]>
              </value>
            </param>
          </params>
          <reporter-output>
          </reporter-output>
        </test-method> <!-- BeforeClass -->
        <test-method status="PASS" signature="beforMethod(java.lang.String, java.lang.reflect.Method)[pri:0, instance:com.test.SampleTestngClass@4b952a2d]" name="beforMethod" is-config="true" duration-ms="23366" started-at="2020-04-19T01:47:25Z" finished-at="2020-04-19T01:47:48Z">
          <params>
            <param index="0">
              <value>
                <![CDATA[chrome]]>
              </value>
            </param>
            <param index="1">
              <value>
                <![CDATA[public void com.test.SampleTestngClass.demoTest1(java.lang.String)]]>
              </value>
            </param>
          </params>
          <reporter-output>
          </reporter-output>
        </test-method> <!-- beforMethod -->
        <test-method status="FAIL" signature="demoTest1(java.lang.String)[pri:0, instance:com.test.SampleTestngClass@4b952a2d]" name="demoTest1" duration-ms="52359" started-at="2020-04-19T01:47:48Z" finished-at="2020-04-19T01:48:41Z">
          <params>
            <param index="0">
              <value>
                <![CDATA[chrome]]>
              </value>
            </param>
          </params>
          <exception class="junit.framework.AssertionFailedError">
            <full-stacktrace>
              <![CDATA[junit.framework.AssertionFailedErrorat commonUtilities.CommonFuntionDemo.getObject(CommonFuntionDemo.java:588)at commonUtilities.CommonFuntionDemo.fGuiIsDisplayed(CommonFuntionDemo.java:454)at com.Pages.LoginPage.setUserName(LoginPage.java:59)at com.Pages.LoginPage.enterCredential(LoginPage.java:45)at com.test.SampleTestngClass.demoTest1(SampleTestngClass.java:90)at sun.reflect.NativeMethodAccessorImpl.invoke0(Native Method)at sun.reflect.NativeMethodAccessorImpl.invoke(NativeMethodAccessorImpl.java:62)at sun.reflect.DelegatingMethodAccessorImpl.invoke(DelegatingMethodAccessorImpl.java:43)at java.lang.reflect.Method.invoke(Method.java:498)at org.testng.internal.MethodInvocationHelper.invokeMethod(MethodInvocationHelper.java:124)at org.testng.internal.Invoker.invokeMethod(Invoker.java:571)at org.testng.internal.Invoker.invokeTestMethod(Invoker.java:707)at org.testng.internal.Invoker.invokeTestMethods(Invoker.java:979)at org.testng.internal.TestMethodWorker.invokeTestMethods(TestMethodWorker.java:125)at org.testng.internal.TestMethodWorker.run(TestMethodWorker.java:109)at org.testng.TestRunner.privateRun(TestRunner.java:648)at org.testng.TestRunner.run(TestRunner.java:505)at org.testng.SuiteRunner.runTest(SuiteRunner.java:455)at org.testng.SuiteRunner.runSequentially(SuiteRunner.java:450)at org.testng.SuiteRunner.privateRun(SuiteRunner.java:415)at org.testng.SuiteRunner.run(SuiteRunner.java:364)at org.testng.SuiteRunnerWorker.runSuite(SuiteRunnerWorker.java:52)at org.testng.SuiteRunnerWorker.run(SuiteRunnerWorker.java:84)at org.testng.TestNG.runSuitesSequentially(TestNG.java:1187)at org.testng.TestNG.runSuitesLocally(TestNG.java:1116)at org.testng.TestNG.runSuites(TestNG.java:1028)at org.testng.TestNG.run(TestNG.java:996)at org.testng.remote.AbstractRemoteTestNG.run(AbstractRemoteTestNG.java:114)at org.testng.remote.RemoteTestNG.initAndRun(RemoteTestNG.java:251)at org.testng.remote.RemoteTestNG.main(RemoteTestNG.java:77)]]>
            </full-stacktrace>
          </exception> <!-- junit.framework.AssertionFailedError -->
          <reporter-output>
          </reporter-output>
        </test-method> <!-- demoTest1 -->
        <test-method status="PASS" signature="afterMethod(java.lang.String, org.testng.ITestResult, java.lang.reflect.Method)[pri:0, instance:com.test.SampleTestngClass@4b952a2d]" name="afterMethod" is-config="true" duration-ms="2711" started-at="2020-04-19T01:48:41Z" finished-at="2020-04-19T01:48:43Z">
          <params>
            <param index="0">
              <value>
                <![CDATA[chrome]]>
              </value>
            </param>
            <param index="1">
              <value>
                <![CDATA[[TestResult name=demoTest1 status=FAILURE method=SampleTestngClass.demoTest1(java.lang.String)[pri:0, instance:com.test.SampleTestngClass@4b952a2d] output={null}]]]>
              </value>
            </param>
            <param index="2">
              <value>
                <![CDATA[public void com.test.SampleTestngClass.demoTest1(java.lang.String)]]>
              </value>
            </param>
          </params>
          <reporter-output>
          </reporter-output>
        </test-method> <!-- afterMethod -->
        <test-method status="PASS" signature="AfterClass(java.lang.String)[pri:0, instance:com.test.SampleTestngClass@4b952a2d]" name="AfterClass" is-config="true" duration-ms="30" started-at="2020-04-19T01:48:43Z" finished-at="2020-04-19T01:48:43Z">
          <params>
            <param index="0">
              <value>
                <![CDATA[chrome]]>
              </value>
            </param>
          </params>
          <reporter-output>
          </reporter-output>
        </test-method> <!-- AfterClass -->
      </class> <!-- com.test.SampleTestngClass -->
    </test> <!-- Default test -->
  </suite> <!-- Default suite -->
</testng-results>
